<?xml version="1.0" encoding="UTF-8"?>
<!-- Generated by org.testng.reporters.JUnitReportReporter -->
<testsuite skipped="0" hostname="DESKTOP-RHOFPV4" name="Sample.End2EndProject.HomePageTest" tests="4" failures="0" timestamp="2020-06-11T23:29:00 CDT" time="76.979" errors="0">
  <testcase name="ValidateHomePage" time="19.661" classname="Sample.End2EndProject.HomePageTest"/>
  <system-out/>
  <testcase name="ValidateLogin" time="28.310" classname="Sample.End2EndProject.HomePageTest"/>
  <system-out/>
  <testcase name="ValidateLogin" time="0.003" classname="Sample.End2EndProject.HomePageTest"/>
  <system-out/>
  <testcase name="ValidateLogin" time="29.005" classname="Sample.End2EndProject.HomePageTest"/>
  <system-out/>
</testsuite> <!-- Sample.End2EndProject.HomePageTest -->
