<?xml version="1.0" encoding="UTF-8"?>
<!-- Generated by org.testng.reporters.JUnitReportReporter -->
<testsuite skipped="0" hostname="DESKTOP-RHOFPV4" name="com.End2EndProject.LoginTest" tests="4" failures="0" timestamp="2020-06-04T18:06:13 CDT" time="0.021" errors="0">
  <testcase name="test1" time="0.002" classname="com.End2EndProject.LoginTest"/>
  <system-out/>
  <testcase name="test1" time="0.003" classname="com.End2EndProject.LoginTest"/>
  <system-out/>
  <testcase name="test1" time="0.012" classname="com.End2EndProject.LoginTest"/>
  <system-out/>
  <testcase name="test1" time="0.004" classname="com.End2EndProject.LoginTest"/>
  <system-out/>
</testsuite> <!-- com.End2EndProject.LoginTest -->
