<?xml version="1.0" encoding="UTF-8"?>
<!-- Generated by org.testng.reporters.JUnitReportReporter -->
<testsuite skipped="0" hostname="DESKTOP-RHOFPV4" name="Sample.End2EndProject.validationTest" tests="1" failures="0" timestamp="2020-05-19T08:52:55 CDT" time="18.531" errors="0">
  <testcase name="ValidateHomePage" time="18.531" classname="Sample.End2EndProject.validationTest"/>
  <system-out/>
</testsuite> <!-- Sample.End2EndProject.validationTest -->
